2025-09-13T21:07:58.575+05:30  INFO 1056 --- [ecommerce-store-backend] [restartedMain] c.e.s.StoreBackendApplication            : Starting StoreBackendApplication using Java 20.0.1 with PID 1056 (C:\Users\Krunal\Desktop\ALL CODING FOLDERS\oneline-store-backend\store-backend\target\classes started by Krunal in C:\Users\Krunal\Desktop\ALL CODING FOLDERS\oneline-store-backend\store-backend)
2025-09-13T21:07:58.578+05:30  INFO 1056 --- [ecommerce-store-backend] [restartedMain] c.e.s.StoreBackendApplication            : The following 1 profile is active: "dev"
2025-09-13T21:07:58.629+05:30  INFO 1056 --- [ecommerce-store-backend] [restartedMain] .e.DevToolsPropertyDefaultsPostProcessor : Devtools property defaults active! Set 'spring.devtools.add-properties' to 'false' to disable
2025-09-13T21:07:58.629+05:30  INFO 1056 --- [ecommerce-store-backend] [restartedMain] .e.DevToolsPropertyDefaultsPostProcessor : For additional web related logging consider setting the 'logging.level.web' property to 'DEBUG'
2025-09-13T21:07:59.346+05:30  INFO 1056 --- [ecommerce-store-backend] [restartedMain] .s.d.r.c.RepositoryConfigurationDelegate : Bootstrapping Spring Data JPA repositories in DEFAULT mode.
2025-09-13T21:07:59.369+05:30  INFO 1056 --- [ecommerce-store-backend] [restartedMain] .s.d.r.c.RepositoryConfigurationDelegate : Finished Spring Data repository scanning in 14 ms. Found 0 JPA repository interfaces.
2025-09-13T21:07:59.795+05:30  INFO 1056 --- [ecommerce-store-backend] [restartedMain] o.s.b.w.embedded.tomcat.TomcatWebServer  : Tomcat initialized with port 8081 (http)
2025-09-13T21:07:59.806+05:30  INFO 1056 --- [ecommerce-store-backend] [restartedMain] o.apache.catalina.core.StandardService   : Starting service [Tomcat]
2025-09-13T21:07:59.806+05:30  INFO 1056 --- [ecommerce-store-backend] [restartedMain] o.apache.catalina.core.StandardEngine    : Starting Servlet engine: [Apache Tomcat/10.1.44]
2025-09-13T21:07:59.852+05:30  INFO 1056 --- [ecommerce-store-backend] [restartedMain] o.a.c.c.C.[Tomcat].[localhost].[/]       : Initializing Spring embedded WebApplicationContext
2025-09-13T21:07:59.853+05:30  INFO 1056 --- [ecommerce-store-backend] [restartedMain] w.s.c.ServletWebServerApplicationContext : Root WebApplicationContext: initialization completed in 1222 ms
2025-09-13T21:08:00.102+05:30  INFO 1056 --- [ecommerce-store-backend] [restartedMain] o.hibernate.jpa.internal.util.LogHelper  : HHH000204: Processing PersistenceUnitInfo [name: default]
2025-09-13T21:08:00.153+05:30  INFO 1056 --- [ecommerce-store-backend] [restartedMain] org.hibernate.Version                    : HHH000412: Hibernate ORM core version 6.6.26.Final
2025-09-13T21:08:00.191+05:30  INFO 1056 --- [ecommerce-store-backend] [restartedMain] o.h.c.internal.RegionFactoryInitiator    : HHH000026: Second-level cache disabled
2025-09-13T21:08:00.422+05:30  INFO 1056 --- [ecommerce-store-backend] [restartedMain] o.s.o.j.p.SpringPersistenceUnitInfo      : No LoadTimeWeaver setup: ignoring JPA class transformer
2025-09-13T21:08:00.451+05:30  INFO 1056 --- [ecommerce-store-backend] [restartedMain] com.zaxxer.hikari.HikariDataSource       : HikariPool-1 - Starting...
2025-09-13T21:08:00.626+05:30  INFO 1056 --- [ecommerce-store-backend] [restartedMain] com.zaxxer.hikari.pool.HikariPool        : HikariPool-1 - Added connection org.postgresql.jdbc.PgConnection@7a7a1dd5
2025-09-13T21:08:00.627+05:30  INFO 1056 --- [ecommerce-store-backend] [restartedMain] com.zaxxer.hikari.HikariDataSource       : HikariPool-1 - Start completed.
2025-09-13T21:08:00.657+05:30  WARN 1056 --- [ecommerce-store-backend] [restartedMain] org.hibernate.orm.deprecation            : HHH90000025: PostgreSQLDialect does not need to be specified explicitly using 'hibernate.dialect' (remove the property setting and it will be selected by default)
2025-09-13T21:08:00.675+05:30  INFO 1056 --- [ecommerce-store-backend] [restartedMain] org.hibernate.orm.connections.pooling    : HHH10001005: Database info:
	Database JDBC URL [Connecting through datasource 'HikariDataSource (HikariPool-1)']
	Database driver: undefined/unknown
	Database version: 17.4
	Autocommit mode: undefined/unknown
	Isolation level: undefined/unknown
	Minimum pool size: undefined/unknown
	Maximum pool size: undefined/unknown
2025-09-13T21:08:00.962+05:30  INFO 1056 --- [ecommerce-store-backend] [restartedMain] o.h.e.t.j.p.i.JtaPlatformInitiator       : HHH000489: No JTA platform available (set 'hibernate.transaction.jta.platform' to enable JTA platform integration)
2025-09-13T21:08:00.969+05:30  INFO 1056 --- [ecommerce-store-backend] [restartedMain] j.LocalContainerEntityManagerFactoryBean : Initialized JPA EntityManagerFactory for persistence unit 'default'
2025-09-13T21:08:01.048+05:30  WARN 1056 --- [ecommerce-store-backend] [restartedMain] JpaBaseConfiguration$JpaWebConfiguration : spring.jpa.open-in-view is enabled by default. Therefore, database queries may be performed during view rendering. Explicitly configure spring.jpa.open-in-view to disable this warning
2025-09-13T21:08:01.074+05:30  WARN 1056 --- [ecommerce-store-backend] [restartedMain] .s.s.UserDetailsServiceAutoConfiguration : 

Using generated security password: 9b47caf6-cbbb-49bb-ac6b-11ba331795e5

This generated password is for development use only. Your security configuration must be updated before running your application in production.

2025-09-13T21:08:01.106+05:30  INFO 1056 --- [ecommerce-store-backend] [restartedMain] r$InitializeUserDetailsManagerConfigurer : Global AuthenticationManager configured with UserDetailsService bean with name inMemoryUserDetailsManager
2025-09-13T21:08:01.385+05:30  INFO 1056 --- [ecommerce-store-backend] [restartedMain] o.s.b.a.e.web.EndpointLinksResolver      : Exposing 3 endpoints beneath base path '/actuator'
2025-09-13T21:08:01.669+05:30  WARN 1056 --- [ecommerce-store-backend] [restartedMain] o.s.b.d.a.OptionalLiveReloadServer       : Unable to start LiveReload server
2025-09-13T21:08:01.719+05:30  WARN 1056 --- [ecommerce-store-backend] [restartedMain] ConfigServletWebServerApplicationContext : Exception encountered during context initialization - cancelling refresh attempt: org.springframework.context.ApplicationContextException: Failed to start bean 'webServerStartStop'
2025-09-13T21:08:01.723+05:30  INFO 1056 --- [ecommerce-store-backend] [restartedMain] j.LocalContainerEntityManagerFactoryBean : Closing JPA EntityManagerFactory for persistence unit 'default'
2025-09-13T21:08:01.726+05:30  INFO 1056 --- [ecommerce-store-backend] [restartedMain] com.zaxxer.hikari.HikariDataSource       : HikariPool-1 - Shutdown initiated...
2025-09-13T21:08:01.731+05:30  INFO 1056 --- [ecommerce-store-backend] [restartedMain] com.zaxxer.hikari.HikariDataSource       : HikariPool-1 - Shutdown completed.
2025-09-13T21:08:01.760+05:30  INFO 1056 --- [ecommerce-store-backend] [restartedMain] .s.b.a.l.ConditionEvaluationReportLogger : 

Error starting ApplicationContext. To display the condition evaluation report re-run your application with 'debug' enabled.
2025-09-13T21:08:01.784+05:30 ERROR 1056 --- [ecommerce-store-backend] [restartedMain] o.s.b.d.LoggingFailureAnalysisReporter   : 

***************************
APPLICATION FAILED TO START
***************************

Description:

Web server failed to start. Port 8081 was already in use.

Action:

Identify and stop the process that's listening on port 8081 or configure this application to listen on another port.

2025-09-13T21:08:35.236+05:30  INFO 27752 --- [ecommerce-store-backend] [restartedMain] c.e.s.StoreBackendApplication            : Starting StoreBackendApplication using Java 20.0.1 with PID 27752 (C:\Users\Krunal\Desktop\ALL CODING FOLDERS\oneline-store-backend\store-backend\target\classes started by Krunal in C:\Users\Krunal\Desktop\ALL CODING FOLDERS\oneline-store-backend\store-backend)
2025-09-13T21:08:35.238+05:30  INFO 27752 --- [ecommerce-store-backend] [restartedMain] c.e.s.StoreBackendApplication            : The following 1 profile is active: "dev"
2025-09-13T21:08:35.283+05:30  INFO 27752 --- [ecommerce-store-backend] [restartedMain] .e.DevToolsPropertyDefaultsPostProcessor : Devtools property defaults active! Set 'spring.devtools.add-properties' to 'false' to disable
2025-09-13T21:08:35.283+05:30  INFO 27752 --- [ecommerce-store-backend] [restartedMain] .e.DevToolsPropertyDefaultsPostProcessor : For additional web related logging consider setting the 'logging.level.web' property to 'DEBUG'
2025-09-13T21:08:36.001+05:30  INFO 27752 --- [ecommerce-store-backend] [restartedMain] .s.d.r.c.RepositoryConfigurationDelegate : Bootstrapping Spring Data JPA repositories in DEFAULT mode.
2025-09-13T21:08:36.017+05:30  INFO 27752 --- [ecommerce-store-backend] [restartedMain] .s.d.r.c.RepositoryConfigurationDelegate : Finished Spring Data repository scanning in 8 ms. Found 0 JPA repository interfaces.
2025-09-13T21:08:36.444+05:30  INFO 27752 --- [ecommerce-store-backend] [restartedMain] o.s.b.w.embedded.tomcat.TomcatWebServer  : Tomcat initialized with port 8081 (http)
2025-09-13T21:08:36.454+05:30  INFO 27752 --- [ecommerce-store-backend] [restartedMain] o.apache.catalina.core.StandardService   : Starting service [Tomcat]
2025-09-13T21:08:36.455+05:30  INFO 27752 --- [ecommerce-store-backend] [restartedMain] o.apache.catalina.core.StandardEngine    : Starting Servlet engine: [Apache Tomcat/10.1.44]
2025-09-13T21:08:36.488+05:30  INFO 27752 --- [ecommerce-store-backend] [restartedMain] o.a.c.c.C.[Tomcat].[localhost].[/]       : Initializing Spring embedded WebApplicationContext
2025-09-13T21:08:36.488+05:30  INFO 27752 --- [ecommerce-store-backend] [restartedMain] w.s.c.ServletWebServerApplicationContext : Root WebApplicationContext: initialization completed in 1204 ms
2025-09-13T21:08:36.655+05:30  INFO 27752 --- [ecommerce-store-backend] [restartedMain] o.hibernate.jpa.internal.util.LogHelper  : HHH000204: Processing PersistenceUnitInfo [name: default]
2025-09-13T21:08:36.691+05:30  INFO 27752 --- [ecommerce-store-backend] [restartedMain] org.hibernate.Version                    : HHH000412: Hibernate ORM core version 6.6.26.Final
2025-09-13T21:08:36.713+05:30  INFO 27752 --- [ecommerce-store-backend] [restartedMain] o.h.c.internal.RegionFactoryInitiator    : HHH000026: Second-level cache disabled
2025-09-13T21:08:36.922+05:30  INFO 27752 --- [ecommerce-store-backend] [restartedMain] o.s.o.j.p.SpringPersistenceUnitInfo      : No LoadTimeWeaver setup: ignoring JPA class transformer
2025-09-13T21:08:36.943+05:30  INFO 27752 --- [ecommerce-store-backend] [restartedMain] com.zaxxer.hikari.HikariDataSource       : HikariPool-1 - Starting...
2025-09-13T21:08:37.076+05:30  INFO 27752 --- [ecommerce-store-backend] [restartedMain] com.zaxxer.hikari.pool.HikariPool        : HikariPool-1 - Added connection org.postgresql.jdbc.PgConnection@3703a6fa
2025-09-13T21:08:37.077+05:30  INFO 27752 --- [ecommerce-store-backend] [restartedMain] com.zaxxer.hikari.HikariDataSource       : HikariPool-1 - Start completed.
2025-09-13T21:08:37.104+05:30  WARN 27752 --- [ecommerce-store-backend] [restartedMain] org.hibernate.orm.deprecation            : HHH90000025: PostgreSQLDialect does not need to be specified explicitly using 'hibernate.dialect' (remove the property setting and it will be selected by default)
2025-09-13T21:08:37.116+05:30  INFO 27752 --- [ecommerce-store-backend] [restartedMain] org.hibernate.orm.connections.pooling    : HHH10001005: Database info:
	Database JDBC URL [Connecting through datasource 'HikariDataSource (HikariPool-1)']
	Database driver: undefined/unknown
	Database version: 17.4
	Autocommit mode: undefined/unknown
	Isolation level: undefined/unknown
	Minimum pool size: undefined/unknown
	Maximum pool size: undefined/unknown
2025-09-13T21:08:37.386+05:30  INFO 27752 --- [ecommerce-store-backend] [restartedMain] o.h.e.t.j.p.i.JtaPlatformInitiator       : HHH000489: No JTA platform available (set 'hibernate.transaction.jta.platform' to enable JTA platform integration)
2025-09-13T21:08:37.391+05:30  INFO 27752 --- [ecommerce-store-backend] [restartedMain] j.LocalContainerEntityManagerFactoryBean : Initialized JPA EntityManagerFactory for persistence unit 'default'
2025-09-13T21:08:37.437+05:30  WARN 27752 --- [ecommerce-store-backend] [restartedMain] JpaBaseConfiguration$JpaWebConfiguration : spring.jpa.open-in-view is enabled by default. Therefore, database queries may be performed during view rendering. Explicitly configure spring.jpa.open-in-view to disable this warning
2025-09-13T21:08:37.453+05:30  WARN 27752 --- [ecommerce-store-backend] [restartedMain] .s.s.UserDetailsServiceAutoConfiguration : 

Using generated security password: 21a7041a-a50b-458d-a540-821caac1d7b8

This generated password is for development use only. Your security configuration must be updated before running your application in production.

2025-09-13T21:08:37.464+05:30  INFO 27752 --- [ecommerce-store-backend] [restartedMain] r$InitializeUserDetailsManagerConfigurer : Global AuthenticationManager configured with UserDetailsService bean with name inMemoryUserDetailsManager
2025-09-13T21:08:37.719+05:30  INFO 27752 --- [ecommerce-store-backend] [restartedMain] o.s.b.a.e.web.EndpointLinksResolver      : Exposing 3 endpoints beneath base path '/actuator'
2025-09-13T21:08:37.995+05:30  INFO 27752 --- [ecommerce-store-backend] [restartedMain] o.s.b.d.a.OptionalLiveReloadServer       : LiveReload server is running on port 35729
2025-09-13T21:08:38.050+05:30  INFO 27752 --- [ecommerce-store-backend] [restartedMain] o.s.b.w.embedded.tomcat.TomcatWebServer  : Tomcat started on port 8081 (http) with context path '/'
2025-09-13T21:08:38.065+05:30  INFO 27752 --- [ecommerce-store-backend] [restartedMain] c.e.s.StoreBackendApplication            : Started StoreBackendApplication in 3.216 seconds (process running for 3.593)
2025-09-13T21:09:58.204+05:30  INFO 25840 --- [ecommerce-store-backend] [restartedMain] c.e.s.StoreBackendApplication            : Starting StoreBackendApplication using Java 20.0.1 with PID 25840 (C:\Users\Krunal\Desktop\ALL CODING FOLDERS\oneline-store-backend\store-backend\target\classes started by Krunal in C:\Users\Krunal\Desktop\ALL CODING FOLDERS\oneline-store-backend\store-backend)
2025-09-13T21:09:58.206+05:30  INFO 25840 --- [ecommerce-store-backend] [restartedMain] c.e.s.StoreBackendApplication            : The following 1 profile is active: "dev"
2025-09-13T21:09:58.258+05:30  INFO 25840 --- [ecommerce-store-backend] [restartedMain] .e.DevToolsPropertyDefaultsPostProcessor : Devtools property defaults active! Set 'spring.devtools.add-properties' to 'false' to disable
2025-09-13T21:09:58.259+05:30  INFO 25840 --- [ecommerce-store-backend] [restartedMain] .e.DevToolsPropertyDefaultsPostProcessor : For additional web related logging consider setting the 'logging.level.web' property to 'DEBUG'
2025-09-13T21:09:59.119+05:30  INFO 25840 --- [ecommerce-store-backend] [restartedMain] .s.d.r.c.RepositoryConfigurationDelegate : Bootstrapping Spring Data JPA repositories in DEFAULT mode.
2025-09-13T21:09:59.143+05:30  INFO 25840 --- [ecommerce-store-backend] [restartedMain] .s.d.r.c.RepositoryConfigurationDelegate : Finished Spring Data repository scanning in 14 ms. Found 0 JPA repository interfaces.
2025-09-13T21:09:59.660+05:30  INFO 25840 --- [ecommerce-store-backend] [restartedMain] o.s.b.w.embedded.tomcat.TomcatWebServer  : Tomcat initialized with port 8081 (http)
2025-09-13T21:09:59.673+05:30  INFO 25840 --- [ecommerce-store-backend] [restartedMain] o.apache.catalina.core.StandardService   : Starting service [Tomcat]
2025-09-13T21:09:59.673+05:30  INFO 25840 --- [ecommerce-store-backend] [restartedMain] o.apache.catalina.core.StandardEngine    : Starting Servlet engine: [Apache Tomcat/10.1.44]
2025-09-13T21:09:59.725+05:30  INFO 25840 --- [ecommerce-store-backend] [restartedMain] o.a.c.c.C.[Tomcat].[localhost].[/]       : Initializing Spring embedded WebApplicationContext
2025-09-13T21:09:59.726+05:30  INFO 25840 --- [ecommerce-store-backend] [restartedMain] w.s.c.ServletWebServerApplicationContext : Root WebApplicationContext: initialization completed in 1466 ms
2025-09-13T21:09:59.960+05:30  INFO 25840 --- [ecommerce-store-backend] [restartedMain] o.hibernate.jpa.internal.util.LogHelper  : HHH000204: Processing PersistenceUnitInfo [name: default]
2025-09-13T21:10:00.014+05:30  INFO 25840 --- [ecommerce-store-backend] [restartedMain] org.hibernate.Version                    : HHH000412: Hibernate ORM core version 6.6.26.Final
2025-09-13T21:10:00.053+05:30  INFO 25840 --- [ecommerce-store-backend] [restartedMain] o.h.c.internal.RegionFactoryInitiator    : HHH000026: Second-level cache disabled
2025-09-13T21:10:00.323+05:30  INFO 25840 --- [ecommerce-store-backend] [restartedMain] o.s.o.j.p.SpringPersistenceUnitInfo      : No LoadTimeWeaver setup: ignoring JPA class transformer
2025-09-13T21:10:00.356+05:30  INFO 25840 --- [ecommerce-store-backend] [restartedMain] com.zaxxer.hikari.HikariDataSource       : HikariPool-1 - Starting...
2025-09-13T21:10:00.532+05:30  INFO 25840 --- [ecommerce-store-backend] [restartedMain] com.zaxxer.hikari.pool.HikariPool        : HikariPool-1 - Added connection org.postgresql.jdbc.PgConnection@483365af
2025-09-13T21:10:00.534+05:30  INFO 25840 --- [ecommerce-store-backend] [restartedMain] com.zaxxer.hikari.HikariDataSource       : HikariPool-1 - Start completed.
2025-09-13T21:10:00.568+05:30  WARN 25840 --- [ecommerce-store-backend] [restartedMain] org.hibernate.orm.deprecation            : HHH90000025: PostgreSQLDialect does not need to be specified explicitly using 'hibernate.dialect' (remove the property setting and it will be selected by default)
2025-09-13T21:10:00.586+05:30  INFO 25840 --- [ecommerce-store-backend] [restartedMain] org.hibernate.orm.connections.pooling    : HHH10001005: Database info:
	Database JDBC URL [Connecting through datasource 'HikariDataSource (HikariPool-1)']
	Database driver: undefined/unknown
	Database version: 17.4
	Autocommit mode: undefined/unknown
	Isolation level: undefined/unknown
	Minimum pool size: undefined/unknown
	Maximum pool size: undefined/unknown
2025-09-13T21:10:00.893+05:30  INFO 25840 --- [ecommerce-store-backend] [restartedMain] o.h.e.t.j.p.i.JtaPlatformInitiator       : HHH000489: No JTA platform available (set 'hibernate.transaction.jta.platform' to enable JTA platform integration)
2025-09-13T21:10:00.896+05:30  INFO 25840 --- [ecommerce-store-backend] [restartedMain] j.LocalContainerEntityManagerFactoryBean : Initialized JPA EntityManagerFactory for persistence unit 'default'
2025-09-13T21:10:00.966+05:30  WARN 25840 --- [ecommerce-store-backend] [restartedMain] JpaBaseConfiguration$JpaWebConfiguration : spring.jpa.open-in-view is enabled by default. Therefore, database queries may be performed during view rendering. Explicitly configure spring.jpa.open-in-view to disable this warning
2025-09-13T21:10:00.996+05:30  WARN 25840 --- [ecommerce-store-backend] [restartedMain] .s.s.UserDetailsServiceAutoConfiguration : 

Using generated security password: b54dded5-1713-4783-9208-9978e7f399b2

This generated password is for development use only. Your security configuration must be updated before running your application in production.

2025-09-13T21:10:01.013+05:30  INFO 25840 --- [ecommerce-store-backend] [restartedMain] r$InitializeUserDetailsManagerConfigurer : Global AuthenticationManager configured with UserDetailsService bean with name inMemoryUserDetailsManager
2025-09-13T21:10:01.330+05:30  INFO 25840 --- [ecommerce-store-backend] [restartedMain] o.s.b.a.e.web.EndpointLinksResolver      : Exposing 3 endpoints beneath base path '/actuator'
2025-09-13T21:10:01.640+05:30  INFO 25840 --- [ecommerce-store-backend] [restartedMain] o.s.b.d.a.OptionalLiveReloadServer       : LiveReload server is running on port 35729
2025-09-13T21:10:01.706+05:30  INFO 25840 --- [ecommerce-store-backend] [restartedMain] o.s.b.w.embedded.tomcat.TomcatWebServer  : Tomcat started on port 8081 (http) with context path '/'
2025-09-13T21:10:01.722+05:30  INFO 25840 --- [ecommerce-store-backend] [restartedMain] c.e.s.StoreBackendApplication            : Started StoreBackendApplication in 3.966 seconds (process running for 4.349)
2025-09-13T21:45:30.048+05:30  INFO 25840 --- [ecommerce-store-backend] [File Watcher] rtingClassPathChangeChangedEventListener : Restarting due to 1 class path change (0 additions, 0 deletions, 1 modification)
2025-09-13T21:45:30.054+05:30  INFO 25840 --- [ecommerce-store-backend] [Thread-5] o.s.b.w.e.tomcat.GracefulShutdown        : Commencing graceful shutdown. Waiting for active requests to complete
2025-09-13T21:45:30.244+05:30  INFO 25840 --- [ecommerce-store-backend] [tomcat-shutdown] o.s.b.w.e.tomcat.GracefulShutdown        : Graceful shutdown complete
2025-09-13T21:45:30.252+05:30  INFO 25840 --- [ecommerce-store-backend] [Thread-5] j.LocalContainerEntityManagerFactoryBean : Closing JPA EntityManagerFactory for persistence unit 'default'
2025-09-13T21:45:30.257+05:30  INFO 25840 --- [ecommerce-store-backend] [Thread-5] com.zaxxer.hikari.HikariDataSource       : HikariPool-1 - Shutdown initiated...
2025-09-13T21:45:30.264+05:30  INFO 25840 --- [ecommerce-store-backend] [Thread-5] com.zaxxer.hikari.HikariDataSource       : HikariPool-1 - Shutdown completed.
2025-10-07 12:08:33.159 INFO  c.e.s.StoreBackendApplication - Starting StoreBackendApplication using Java 23.0.2 with PID 25108 (C:\Users\krunalg.samtani\coding projects folder\oneline-store-backend\oneline-store-backend\target\classes started by krunalg.samtani in C:\Users\krunalg.samtani\coding projects folder\oneline-store-backend\oneline-store-backend)
2025-10-07 12:08:33.163 INFO  c.e.s.StoreBackendApplication - The following 1 profile is active: "dev"
2025-10-07 12:08:33.320 INFO  o.s.b.d.e.DevToolsPropertyDefaultsPostProcessor - Devtools property defaults active! Set 'spring.devtools.add-properties' to 'false' to disable
2025-10-07 12:08:33.321 INFO  o.s.b.d.e.DevToolsPropertyDefaultsPostProcessor - For additional web related logging consider setting the 'logging.level.web' property to 'DEBUG'
2025-10-07 12:08:35.792 INFO  o.s.d.r.c.RepositoryConfigurationDelegate - Bootstrapping Spring Data JPA repositories in DEFAULT mode.
2025-10-07 12:08:35.842 INFO  o.s.d.r.c.RepositoryConfigurationDelegate - Finished Spring Data repository scanning in 28 ms. Found 0 JPA repository interfaces.
2025-10-07 12:08:37.204 INFO  o.s.b.w.embedded.tomcat.TomcatWebServer - Tomcat initialized with port 8081 (http)
2025-10-07 12:08:37.234 INFO  o.apache.catalina.core.StandardService - Starting service [Tomcat]
2025-10-07 12:08:37.235 INFO  org.apache.catalina.core.StandardEngine - Starting Servlet engine: [Apache Tomcat/10.1.44]
2025-10-07 12:08:37.343 INFO  o.a.c.c.C.[Tomcat].[localhost].[/] - Initializing Spring embedded WebApplicationContext
2025-10-07 12:08:37.345 INFO  o.s.b.w.s.c.ServletWebServerApplicationContext - Root WebApplicationContext: initialization completed in 4021 ms
2025-10-07 12:08:37.859 INFO  o.hibernate.jpa.internal.util.LogHelper - HHH000204: Processing PersistenceUnitInfo [name: default]
2025-10-07 12:08:37.993 INFO  org.hibernate.Version - HHH000412: Hibernate ORM core version 6.6.26.Final
2025-10-07 12:08:38.079 INFO  o.h.c.internal.RegionFactoryInitiator - HHH000026: Second-level cache disabled
2025-10-07 12:08:38.834 INFO  o.s.o.j.p.SpringPersistenceUnitInfo - No LoadTimeWeaver setup: ignoring JPA class transformer
2025-10-07 12:08:38.917 INFO  com.zaxxer.hikari.HikariDataSource - HikariPool-1 - Starting...
2025-10-07 12:08:40.062 WARN  o.h.engine.jdbc.spi.SqlExceptionHelper - SQL Error: 0, SQLState: 08001
2025-10-07 12:08:40.062 ERROR o.h.engine.jdbc.spi.SqlExceptionHelper - Connection to localhost:5432 refused. Check that the hostname and port are correct and that the postmaster is accepting TCP/IP connections.
2025-10-07 12:08:40.064 WARN  o.h.e.j.e.i.JdbcEnvironmentInitiator - HHH000342: Could not obtain connection to query metadata
org.hibernate.exception.JDBCConnectionException: unable to obtain isolated JDBC connection [Connection to localhost:5432 refused. Check that the hostname and port are correct and that the postmaster is accepting TCP/IP connections.] [n/a]
	at org.hibernate.exception.internal.SQLStateConversionDelegate.convert(SQLStateConversionDelegate.java:100)
	at org.hibernate.exception.internal.StandardSQLExceptionConverter.convert(StandardSQLExceptionConverter.java:58)
	at org.hibernate.engine.jdbc.spi.SqlExceptionHelper.convert(SqlExceptionHelper.java:108)
	at org.hibernate.engine.jdbc.spi.SqlExceptionHelper.convert(SqlExceptionHelper.java:94)
	at org.hibernate.resource.transaction.backend.jdbc.internal.JdbcIsolationDelegate.delegateWork(JdbcIsolationDelegate.java:116)
	at org.hibernate.engine.jdbc.env.internal.JdbcEnvironmentInitiator.getJdbcEnvironmentUsingJdbcMetadata(JdbcEnvironmentInitiator.java:334)
	at org.hibernate.engine.jdbc.env.internal.JdbcEnvironmentInitiator.initiateService(JdbcEnvironmentInitiator.java:129)
	at org.hibernate.engine.jdbc.env.internal.JdbcEnvironmentInitiator.initiateService(JdbcEnvironmentInitiator.java:81)
	at org.hibernate.boot.registry.internal.StandardServiceRegistryImpl.initiateService(StandardServiceRegistryImpl.java:130)
	at org.hibernate.service.internal.AbstractServiceRegistryImpl.createService(AbstractServiceRegistryImpl.java:263)
	at org.hibernate.service.internal.AbstractServiceRegistryImpl.initializeService(AbstractServiceRegistryImpl.java:238)
	at org.hibernate.service.internal.AbstractServiceRegistryImpl.getService(AbstractServiceRegistryImpl.java:215)
	at org.hibernate.boot.model.relational.Database.<init>(Database.java:45)
	at org.hibernate.boot.internal.InFlightMetadataCollectorImpl.getDatabase(InFlightMetadataCollectorImpl.java:226)
	at org.hibernate.boot.internal.InFlightMetadataCollectorImpl.<init>(InFlightMetadataCollectorImpl.java:194)
	at org.hibernate.boot.model.process.spi.MetadataBuildingProcess.complete(MetadataBuildingProcess.java:171)
	at org.hibernate.jpa.boot.internal.EntityManagerFactoryBuilderImpl.metadata(EntityManagerFactoryBuilderImpl.java:1442)
	at org.hibernate.jpa.boot.internal.EntityManagerFactoryBuilderImpl.build(EntityManagerFactoryBuilderImpl.java:1513)
	at org.springframework.orm.jpa.vendor.SpringHibernateJpaPersistenceProvider.createContainerEntityManagerFactory(SpringHibernateJpaPersistenceProvider.java:66)
	at org.springframework.orm.jpa.LocalContainerEntityManagerFactoryBean.createNativeEntityManagerFactory(LocalContainerEntityManagerFactoryBean.java:390)
	at org.springframework.orm.jpa.AbstractEntityManagerFactoryBean.buildNativeEntityManagerFactory(AbstractEntityManagerFactoryBean.java:419)
	at org.springframework.orm.jpa.AbstractEntityManagerFactoryBean.afterPropertiesSet(AbstractEntityManagerFactoryBean.java:400)
	at org.springframework.orm.jpa.LocalContainerEntityManagerFactoryBean.afterPropertiesSet(LocalContainerEntityManagerFactoryBean.java:366)
	at org.springframework.beans.factory.support.AbstractAutowireCapableBeanFactory.invokeInitMethods(AbstractAutowireCapableBeanFactory.java:1873)
	at org.springframework.beans.factory.support.AbstractAutowireCapableBeanFactory.initializeBean(AbstractAutowireCapableBeanFactory.java:1822)
	at org.springframework.beans.factory.support.AbstractAutowireCapableBeanFactory.doCreateBean(AbstractAutowireCapableBeanFactory.java:607)
	at org.springframework.beans.factory.support.AbstractAutowireCapableBeanFactory.createBean(AbstractAutowireCapableBeanFactory.java:529)
	at org.springframework.beans.factory.support.AbstractBeanFactory.lambda$doGetBean$0(AbstractBeanFactory.java:339)
	at org.springframework.beans.factory.support.DefaultSingletonBeanRegistry.getSingleton(DefaultSingletonBeanRegistry.java:373)
	at org.springframework.beans.factory.support.AbstractBeanFactory.doGetBean(AbstractBeanFactory.java:337)
	at org.springframework.beans.factory.support.AbstractBeanFactory.getBean(AbstractBeanFactory.java:207)
	at org.springframework.context.support.AbstractApplicationContext.finishBeanFactoryInitialization(AbstractApplicationContext.java:970)
	at org.springframework.context.support.AbstractApplicationContext.refresh(AbstractApplicationContext.java:627)
	at org.springframework.boot.web.servlet.context.ServletWebServerApplicationContext.refresh(ServletWebServerApplicationContext.java:146)
	at org.springframework.boot.SpringApplication.refresh(SpringApplication.java:752)
	at org.springframework.boot.SpringApplication.refreshContext(SpringApplication.java:439)
	at org.springframework.boot.SpringApplication.run(SpringApplication.java:318)
	at org.springframework.boot.SpringApplication.run(SpringApplication.java:1361)
	at org.springframework.boot.SpringApplication.run(SpringApplication.java:1350)
	at com.ecommerce.store_backend.StoreBackendApplication.main(StoreBackendApplication.java:10)
	at java.base/jdk.internal.reflect.DirectMethodHandleAccessor.invoke(DirectMethodHandleAccessor.java:103)
	at java.base/java.lang.reflect.Method.invoke(Method.java:580)
	at org.springframework.boot.devtools.restart.RestartLauncher.run(RestartLauncher.java:50)
Caused by: org.postgresql.util.PSQLException: Connection to localhost:5432 refused. Check that the hostname and port are correct and that the postmaster is accepting TCP/IP connections.
	at org.postgresql.core.v3.ConnectionFactoryImpl.openConnectionImpl(ConnectionFactoryImpl.java:373)
	at org.postgresql.core.ConnectionFactory.openConnection(ConnectionFactory.java:57)
	at org.postgresql.jdbc.PgConnection.<init>(PgConnection.java:277)
	at org.postgresql.Driver.makeConnection(Driver.java:448)
	at org.postgresql.Driver.connect(Driver.java:298)
	at com.zaxxer.hikari.util.DriverDataSource.getConnection(DriverDataSource.java:137)
	at com.zaxxer.hikari.pool.PoolBase.newConnection(PoolBase.java:360)
	at com.zaxxer.hikari.pool.PoolBase.newPoolEntry(PoolBase.java:202)
	at com.zaxxer.hikari.pool.HikariPool.createPoolEntry(HikariPool.java:461)
	at com.zaxxer.hikari.pool.HikariPool.checkFailFast(HikariPool.java:550)
	at com.zaxxer.hikari.pool.HikariPool.<init>(HikariPool.java:98)
	at com.zaxxer.hikari.HikariDataSource.getConnection(HikariDataSource.java:111)
	at org.hibernate.engine.jdbc.connections.internal.DatasourceConnectionProviderImpl.getConnection(DatasourceConnectionProviderImpl.java:126)
	at org.hibernate.engine.jdbc.env.internal.JdbcEnvironmentInitiator$ConnectionProviderJdbcConnectionAccess.obtainConnection(JdbcEnvironmentInitiator.java:485)
	at org.hibernate.resource.transaction.backend.jdbc.internal.JdbcIsolationDelegate.delegateWork(JdbcIsolationDelegate.java:61)
	... 38 common frames omitted
Caused by: java.net.ConnectException: Connection refused: getsockopt
	at java.base/sun.nio.ch.Net.pollConnect(Native Method)
	at java.base/sun.nio.ch.Net.pollConnectNow(Net.java:682)
	at java.base/sun.nio.ch.NioSocketImpl.timedFinishConnect(NioSocketImpl.java:542)
	at java.base/sun.nio.ch.NioSocketImpl.connect(NioSocketImpl.java:592)
	at java.base/java.net.SocksSocketImpl.connect(SocksSocketImpl.java:327)
	at java.base/java.net.Socket.connect(Socket.java:760)
	at org.postgresql.core.PGStream.createSocket(PGStream.java:261)
	at org.postgresql.core.PGStream.<init>(PGStream.java:122)
	at org.postgresql.core.v3.ConnectionFactoryImpl.tryConnect(ConnectionFactoryImpl.java:146)
	at org.postgresql.core.v3.ConnectionFactoryImpl.openConnectionImpl(ConnectionFactoryImpl.java:289)
	... 52 common frames omitted
2025-10-07 12:08:40.129 WARN  org.hibernate.orm.deprecation - HHH90000025: PostgreSQLDialect does not need to be specified explicitly using 'hibernate.dialect' (remove the property setting and it will be selected by default)
2025-10-07 12:08:40.162 INFO  org.hibernate.orm.connections.pooling - HHH10001005: Database info:
	Database JDBC URL [Connecting through datasource 'HikariDataSource (null)']
	Database driver: undefined/unknown
	Database version: 12.0
	Autocommit mode: undefined/unknown
	Isolation level: undefined/unknown
	Minimum pool size: undefined/unknown
	Maximum pool size: undefined/unknown
2025-10-07 12:08:41.194 INFO  o.h.e.t.j.p.i.JtaPlatformInitiator - HHH000489: No JTA platform available (set 'hibernate.transaction.jta.platform' to enable JTA platform integration)
2025-10-07 12:08:41.207 INFO  o.s.o.j.LocalContainerEntityManagerFactoryBean - Initialized JPA EntityManagerFactory for persistence unit 'default'
2025-10-07 12:08:41.490 INFO  o.s.s.c.a.a.c.InitializeUserDetailsBeanManagerConfigurer$InitializeUserDetailsManagerConfigurer - Global AuthenticationManager configured with UserDetailsService bean with name inMemoryUserDetailsManager
2025-10-07 12:08:42.368 INFO  o.s.b.a.e.web.EndpointLinksResolver - Exposing 3 endpoints beneath base path '/actuator'
2025-10-07 12:08:43.357 WARN  o.s.b.d.a.OptionalLiveReloadServer - Unable to start LiveReload server
2025-10-07 12:08:43.532 INFO  o.s.b.w.embedded.tomcat.TomcatWebServer - Tomcat started on port 8081 (http) with context path '/'
2025-10-07 12:08:43.579 INFO  c.e.s.StoreBackendApplication - Started StoreBackendApplication in 11.922 seconds (process running for 13.859)
2025-10-07 12:09:00.165 INFO  o.s.b.w.embedded.tomcat.GracefulShutdown - Commencing graceful shutdown. Waiting for active requests to complete
2025-10-07 12:09:00.177 INFO  o.s.b.w.embedded.tomcat.GracefulShutdown - Graceful shutdown complete
2025-10-07 12:09:00.188 INFO  o.s.o.j.LocalContainerEntityManagerFactoryBean - Closing JPA EntityManagerFactory for persistence unit 'default'
